<?xml version="1.0" encoding="UTF-8"?>
<testsuite xmlns:xsi="http://www.w3.org/2001/XMLSchema-instance" xsi:noNamespaceSchemaLocation="https://maven.apache.org/surefire/maven-surefire-plugin/xsd/surefire-test-report-3.0.xsd" version="3.0" name="com.relayapi.ratelimiter.controller.PingControllerTest" time="5.168" tests="1" errors="0" skipped="0" failures="0">
  <properties>
[...]
</properties>
  <testcase name="pingEndpointReturnsOk" classname="com.relayapi.ratelimiter.controller.PingControllerTest" time="1.499">
    <system-out><![CDATA[19:56:49.512 [main] INFO org.springframework.test.context.support.AnnotationConfigContextLoaderUtils -- Could not detect default configuration classes for test class [com.relayapi.ratelimiter.controller.PingControllerTest]: PingControllerTest does not declare any static, non-private, non-final, nested classes annotated with @Configuration.
19:56:49.778 [main] INFO org.springframework.boot.test.context.SpringBootTestContextBootstrapper -- Found @SpringBootConfiguration com.relayapi.ratelimiter.RateLimiterApplication for test class com.relayapi.ratelimiter.controller.PingControllerTest

  .   ____          _            __ _ _
 /\\ / ___'_ __ _ _(_)_ __  __ _ \ \ \ \
( ( )\___ | '_ | '_| | '_ \/ _` | \ \ \ \
 \\/  ___)| |_)| | | | | || (_| |  ) ) ) )
  '  |____| .__|_| |_|_| |_\__, | / / / /
 =========|_|==============|___/=/_/_/_/
 :: Spring Boot ::                (v3.2.5)

2026-07-22T19:56:50.705+05:30  INFO 2952 --- [rate-limiter-service] [           main] c.r.r.controller.PingControllerTest      : Starting PingControllerTest using Java 22.0.2 with PID 2952 (started by PRIYANSHU RAJ in E:\trilogy_assignment\ti-assignment-promise-them-nothin\submissions\priyanshuraj20\promise-them-nothing-twice\solution)
2026-07-22T19:56:50.708+05:30  INFO 2952 --- [rate-limiter-service] [           main] c.r.r.controller.PingControllerTest      : No active profile set, falling back to 1 default profile: "default"
2026-07-22T19:56:52.732+05:30  INFO 2952 --- [rate-limiter-service] [           main] o.s.b.t.m.w.SpringBootMockServletContext : Initializing Spring TestDispatcherServlet ''
2026-07-22T19:56:52.732+05:30  INFO 2952 --- [rate-limiter-service] [           main] o.s.t.web.servlet.TestDispatcherServlet  : Initializing Servlet ''
2026-07-22T19:56:52.739+05:30  INFO 2952 --- [rate-limiter-service] [           main] o.s.t.web.servlet.TestDispatcherServlet  : Completed initialization in 0 ms
2026-07-22T19:56:52.787+05:30  INFO 2952 --- [rate-limiter-service] [           main] c.r.r.controller.PingControllerTest      : Started PingControllerTest in 2.876 seconds (process running for 4.728)
]]></system-out>
    <system-err><![CDATA[WARNING: A Java agent has been loaded dynamically (C:\Users\PRIYANSHU RAJ\.m2\repository\net\bytebuddy\byte-buddy-agent\1.14.13\byte-buddy-agent-1.14.13.jar)
WARNING: If a serviceability tool is in use, please run with -XX:+EnableDynamicAgentLoading to hide this warning
WARNING: If a serviceability tool is not in use, please run with -Djdk.instrument.traceUsage for more information
WARNING: Dynamic loading of agents will be disallowed by default in a future release
]]></system-err>
  </testcase>
</testsuite>